2020-08-26 17:33:14,983 - -------------- Processing /share_data/aigroup/DATA/00_Processed_Data_for_Projects/NMDIS/5d_mean/CCMP_d5_mean/2019 ---------------
2020-08-26 17:33:15,055 - out_file: /share_data/xyf/new_cmp_d5_mean/new_2019/201901_1.nc
2020-08-26 17:33:15,114 - file: 201901_1.nc
2020-08-26 17:33:15,921 - uwnd: (1564, 4500)
2020-08-26 17:33:16,583 - vwnd: (1564, 4500)
2020-08-26 17:34:10,059 - -------------- Processing /share_data/aigroup/DATA/00_Processed_Data_for_Projects/NMDIS/5d_mean/CCMP_d5_mean/2019 ---------------
2020-08-26 17:34:10,060 - out_file: /share_data/xyf/new_cmp_d5_mean/new_2019/201901_1.nc
2020-08-26 17:34:10,061 - file: 201901_1.nc
2020-08-26 17:34:10,176 - uwnd: (1564, 4500)
2020-08-26 17:34:10,285 - vwnd: (1564, 4500)
2020-08-26 17:36:12,586 - -------------- Processing /share_data/aigroup/DATA/00_Processed_Data_for_Projects/NMDIS/5d_mean/CCMP_d5_mean/2019 ---------------
2020-08-26 17:36:12,589 - out_file: /share_data/xyf/new_cmp_d5_mean/new_2019/201901_1.nc
2020-08-26 17:36:12,593 - file: 201901_1.nc
2020-08-26 17:36:12,767 - uwnd: (1564, 4500)
2020-08-26 17:36:12,898 - vwnd: (1564, 4500)
2020-08-26 17:36:39,540 - -------------- Processing /share_data/aigroup/DATA/00_Processed_Data_for_Projects/NMDIS/5d_mean/CCMP_d5_mean/2019 ---------------
2020-08-26 17:36:39,540 - out_file: /share_data/xyf/new_cmp_d5_mean/new_2019/201901_1.nc
2020-08-26 17:36:39,541 - file: 201901_1.nc
2020-08-26 17:36:40,165 - uwnd: (1564, 4500)
2020-08-26 17:36:40,793 - vwnd: (1564, 4500)
2020-08-26 17:36:41,036 - 2250
2020-08-27 09:31:08,635 - -------------- Processing /share_data/aigroup/DATA/00_Processed_Data_for_Projects/NMDIS/5d_mean/CCMP_d5_mean/2019 ---------------
2020-08-27 09:31:08,764 - out_file: /share_data/xyf/new_cmp_d5_mean/new_2019/201901_1.nc
2020-08-27 09:31:08,765 - file: 201901_1.nc
2020-08-27 09:31:09,056 - uwnd: (1564, 4500)
2020-08-27 09:31:09,493 - vwnd: (1564, 4500)
2020-08-27 09:31:09,544 - 2250
2020-08-27 09:34:41,927 - -------------- Processing /share_data/aigroup/DATA/00_Processed_Data_for_Projects/NMDIS/5d_mean/CCMP_d5_mean/2019 ---------------
2020-08-27 09:34:41,928 - out_file: /share_data/xyf/new_cmp_d5_mean/new_2019/201901_1.nc
2020-08-27 09:34:41,928 - file: 201901_1.nc
2020-08-27 09:34:42,221 - uwnd: (1564, 4500)
2020-08-27 09:34:42,348 - vwnd: (1564, 4500)
2020-08-27 09:34:42,397 - 2250
2020-08-27 09:34:42,397 - R_vwnd: (1564, 2250)
2020-08-27 09:34:42,397 - L_vwnd: (1564, 2250)
2020-08-27 09:34:42,499 - new_vwnd: (1564, 4500)
2020-08-27 09:36:36,245 - -------------- Processing /share_data/aigroup/DATA/00_Processed_Data_for_Projects/NMDIS/5d_mean/CCMP_d5_mean/2019 ---------------
2020-08-27 09:36:36,246 - out_file: /share_data/xyf/new_cmp_d5_mean/new_2019/201901_1.nc
2020-08-27 09:36:36,246 - file: 201901_1.nc
2020-08-27 09:36:36,428 - uwnd: (1564, 4500)
2020-08-27 09:36:36,577 - vwnd: (1564, 4500)
2020-08-27 09:36:36,647 - R_vwnd: (1564, 2250)
2020-08-27 09:36:36,663 - (array([], dtype=int64), array([], dtype=int64))
2020-08-27 09:36:36,663 - L_vwnd: (1564, 2250)
2020-08-27 09:36:36,803 - new_vwnd: (1564, 4500)
2020-08-27 09:37:04,844 - -------------- Processing /share_data/aigroup/DATA/00_Processed_Data_for_Projects/NMDIS/5d_mean/CCMP_d5_mean/2019 ---------------
2020-08-27 09:37:04,844 - out_file: /share_data/xyf/new_cmp_d5_mean/new_2019/201901_1.nc
2020-08-27 09:37:04,844 - file: 201901_1.nc
2020-08-27 09:37:05,005 - uwnd: (1564, 4500)
2020-08-27 09:37:05,125 - vwnd: (1564, 4500)
2020-08-27 09:37:05,185 - R_vwnd: (1564, 2250)
2020-08-27 09:37:05,201 - [[-3.3643284 -3.3787167 -3.392714  ... -2.3444731 -2.3486588        nan]
 [-3.353232  -3.36762   -3.381617  ... -2.3152149 -2.3190897        nan]
 [-3.3498845 -3.3642726 -3.3775914 ... -2.2904313 -2.2942615        nan]
 ...
 [-3.7459404 -3.8217216 -3.8924155 ... -2.9836771 -3.0433211        nan]
 [-3.6600316 -3.7358131 -3.8065064 ... -2.967917  -3.0275614        nan]
 [-3.5782743 -3.6499043 -3.7205977 ... -2.9518886 -3.0118012        nan]]
2020-08-27 09:37:05,203 - L_vwnd: (1564, 2250)
2020-08-27 09:37:05,299 - new_vwnd: (1564, 4500)
2020-08-27 09:38:37,605 - -------------- Processing /share_data/aigroup/DATA/00_Processed_Data_for_Projects/NMDIS/5d_mean/CCMP_d5_mean/2019 ---------------
2020-08-27 09:38:37,606 - out_file: /share_data/xyf/new_cmp_d5_mean/new_2019/201901_1.nc
2020-08-27 09:38:37,606 - file: 201901_1.nc
2020-08-27 09:38:37,827 - uwnd: (1564, 4500)
2020-08-27 09:38:37,954 - vwnd: (1564, 4500)
2020-08-27 09:38:38,008 - R_vwnd: (1564, 2250)
2020-08-27 09:38:50,840 - -------------- Processing /share_data/aigroup/DATA/00_Processed_Data_for_Projects/NMDIS/5d_mean/CCMP_d5_mean/2019 ---------------
2020-08-27 09:38:50,841 - out_file: /share_data/xyf/new_cmp_d5_mean/new_2019/201901_1.nc
2020-08-27 09:38:50,841 - file: 201901_1.nc
2020-08-27 09:38:50,985 - uwnd: (1564, 4500)
2020-08-27 09:38:51,109 - vwnd: (1564, 4500)
2020-08-27 09:38:51,165 - R_vwnd: (1564, 2250)
2020-08-27 09:38:51,181 - (array([], dtype=int64), array([], dtype=int64))
2020-08-27 09:38:51,181 - L_vwnd: (1564, 2250)
2020-08-27 09:38:51,273 - new_vwnd: (1564, 4500)
2020-08-27 09:39:19,882 - -------------- Processing /share_data/aigroup/DATA/00_Processed_Data_for_Projects/NMDIS/5d_mean/CCMP_d5_mean/2019 ---------------
2020-08-27 09:39:19,883 - out_file: /share_data/xyf/new_cmp_d5_mean/new_2019/201901_1.nc
2020-08-27 09:39:19,883 - file: 201901_1.nc
2020-08-27 09:39:20,045 - uwnd: (1564, 4500)
2020-08-27 09:39:20,162 - vwnd: (1564, 4500)
2020-08-27 09:39:20,218 - R_vwnd: (1564, 2250)
2020-08-27 09:39:20,219 - [[-3.3643284 -3.3787167 -3.392714  ... -2.3444731 -2.3486588        nan]
 [-3.353232  -3.36762   -3.381617  ... -2.3152149 -2.3190897        nan]
 [-3.3498845 -3.3642726 -3.3775914 ... -2.2904313 -2.2942615        nan]
 ...
 [-3.7459404 -3.8217216 -3.8924155 ... -2.9836771 -3.0433211        nan]
 [-3.6600316 -3.7358131 -3.8065064 ... -2.967917  -3.0275614        nan]
 [-3.5782743 -3.6499043 -3.7205977 ... -2.9518886 -3.0118012        nan]]
2020-08-27 09:39:20,220 - L_vwnd: (1564, 2250)
2020-08-27 09:39:20,322 - new_vwnd: (1564, 4500)
2020-08-27 09:39:44,482 - -------------- Processing /share_data/aigroup/DATA/00_Processed_Data_for_Projects/NMDIS/5d_mean/CCMP_d5_mean/2019 ---------------
2020-08-27 09:39:44,483 - out_file: /share_data/xyf/new_cmp_d5_mean/new_2019/201901_1.nc
2020-08-27 09:39:44,483 - file: 201901_1.nc
2020-08-27 09:39:44,629 - uwnd: (1564, 4500)
2020-08-27 09:39:44,737 - vwnd: (1564, 4500)
2020-08-27 09:39:44,790 - R_vwnd: (1564, 2250)
2020-08-27 09:39:44,790 - [[-3.3643284 -3.3787167 -3.392714  ... -2.3444731 -2.3486588        nan]
 [-3.353232  -3.36762   -3.381617  ... -2.3152149 -2.3190897        nan]
 [-3.3498845 -3.3642726 -3.3775914 ... -2.2904313 -2.2942615        nan]
 ...
 [-3.7459404 -3.8217216 -3.8924155 ... -2.9836771 -3.0433211        nan]
 [-3.6600316 -3.7358131 -3.8065064 ... -2.967917  -3.0275614        nan]
 [-3.5782743 -3.6499043 -3.7205977 ... -2.9518886 -3.0118012        nan]]
2020-08-27 09:39:44,791 - L_vwnd: (1564, 2250)
2020-08-27 09:39:44,890 - new_vwnd: (1564, 4500)
2020-08-27 09:40:24,234 - -------------- Processing /share_data/aigroup/DATA/00_Processed_Data_for_Projects/NMDIS/5d_mean/CCMP_d5_mean/2019 ---------------
2020-08-27 09:40:24,235 - out_file: /share_data/xyf/new_cmp_d5_mean/new_2019/201901_1.nc
2020-08-27 09:40:24,235 - file: 201901_1.nc
2020-08-27 09:40:24,394 - uwnd: (1564, 4500)
2020-08-27 09:40:25,174 - vwnd: (1564, 4500)
2020-08-27 09:40:25,221 - R_vwnd: (1564, 2250)
2020-08-27 09:40:25,221 - [[-3.3643284 -3.3787167 -3.392714  ... -2.3444731 -2.3486588        nan]
 [-3.353232  -3.36762   -3.381617  ... -2.3152149 -2.3190897        nan]
 [-3.3498845 -3.3642726 -3.3775914 ... -2.2904313 -2.2942615        nan]
 ...
 [-3.7459404 -3.8217216 -3.8924155 ... -2.9836771 -3.0433211        nan]
 [-3.6600316 -3.7358131 -3.8065064 ... -2.967917  -3.0275614        nan]
 [-3.5782743 -3.6499043 -3.7205977 ... -2.9518886 -3.0118012        nan]]
2020-08-27 09:40:25,222 - L_vwnd: (1564, 2250)
2020-08-27 09:40:25,223 - [[       nan        nan -2.353126  ... -3.3113143 -3.3296447 -3.3472805]
 [       nan        nan -2.3248816 ... -3.3028789 -3.321209  -3.3388436]
 [       nan        nan -2.3002708 ... -3.301061  -3.3193913 -3.3354964]
 ...
 [       nan        nan -3.2736473 ... -3.5004814 -3.5891385 -3.6701584]
 [       nan        nan -3.2582984 ... -3.4228764 -3.511533  -3.5883968]
 [       nan        nan -3.2429485 ... -3.354166  -3.4339275 -3.5107913]]
2020-08-27 09:40:25,310 - new_vwnd: (1564, 4500)
