2020-08-24 09:34:01,939 - SSS sss:(584, 1388), lon1:(1388,), lat1:(584,)
2020-08-24 09:34:01,942 - sizet: 1388
2020-08-24 09:34:02,044 - sss1[np.isnan(sss1)]=[]
2020-08-24 09:34:02,761 - After interpolating: sss_o:(1564, 4500)
2020-08-24 09:35:05,161 - SSS sss:(584, 1388), lon1:(1388,), lat1:(584,)
2020-08-24 09:35:05,164 - sizet: 1388
2020-08-24 09:35:05,279 - sss1[np.isnan(sss1)]=[]
2020-08-24 09:35:06,043 - After interpolating: sss_o:(1564, 4500)
2020-08-27 10:28:20,842 - Hycom: lon0:(4500,), lat0:(1564,)
2020-08-27 10:28:21,319 - dirpath:/OpenData/STdata_for_AI/Aviso_SSH/2019/
2020-08-27 10:28:21,653 - new_list:['2000', '2001', '2002', '2003', '2004', '2005', '2006', '2007', '2008', '2009', '2010', '2011', '2012', '2013', '2014', '2015', '2016', '2017', '2018', '2019']
2020-08-27 10:28:21,653 - ---------------Process original SLA daily------------------
2020-08-27 10:28:21,653 - ====== dt_global_allsat_phy_l4_20190101_20190515.nc ======
2020-08-27 10:28:21,653 - date:20190101
2020-08-27 10:28:21,712 - nc_obj1:/OpenData/STdata_for_AI/Aviso_SSH/2019/dt_global_allsat_phy_l4_20190101_20190515.nc
2020-08-27 10:29:27,605 - Hycom: lon0:(4500,), lat0:(1564,)
2020-08-27 10:29:27,609 - dirpath:/OpenData/STdata_for_AI/Aviso_SSH/2019/
2020-08-27 10:29:27,609 - new_list:['2000', '2001', '2002', '2003', '2004', '2005', '2006', '2007', '2008', '2009', '2010', '2011', '2012', '2013', '2014', '2015', '2016', '2017', '2018', '2019']
2020-08-27 10:29:27,610 - ---------------Process original SLA daily------------------
2020-08-27 10:29:27,610 - ====== dt_global_allsat_phy_l4_20190101_20190515.nc ======
2020-08-27 10:29:27,610 - date:20190101
2020-08-27 10:29:27,635 - nc_obj1:/OpenData/STdata_for_AI/Aviso_SSH/2019/dt_global_allsat_phy_l4_20190101_20190515.nc
2020-08-27 10:29:55,831 - Hycom: lon0:(4500,), lat0:(1564,)
2020-08-27 10:29:55,832 - dirpath:/OpenData/STdata_for_AI/Aviso_SSH/2019/
2020-08-27 10:29:55,832 - new_list:['2000', '2001', '2002', '2003', '2004', '2005', '2006', '2007', '2008', '2009', '2010', '2011', '2012', '2013', '2014', '2015', '2016', '2017', '2018', '2019']
2020-08-27 10:29:55,832 - ---------------Process original SLA daily------------------
2020-08-27 10:29:55,832 - ====== dt_global_allsat_phy_l4_20190101_20190515.nc ======
2020-08-27 10:29:55,832 - date:20190101
2020-08-27 10:29:55,843 - nc_obj1:/OpenData/STdata_for_AI/Aviso_SSH/2019/dt_global_allsat_phy_l4_20190101_20190515.nc
2020-08-27 10:30:31,996 - Hycom: lon0:(4500,), lat0:(1564,)
2020-08-27 10:30:31,997 - dirpath:/OpenData/STdata_for_AI/Aviso_SSH/2019/
2020-08-27 10:30:31,998 - new_list:['2000', '2001', '2002', '2003', '2004', '2005', '2006', '2007', '2008', '2009', '2010', '2011', '2012', '2013', '2014', '2015', '2016', '2017', '2018', '2019']
2020-08-27 10:30:31,998 - ---------------Process original SLA daily------------------
2020-08-27 10:30:31,998 - ====== dt_global_allsat_phy_l4_20190101_20190515.nc ======
2020-08-27 10:30:31,998 - date:20190101
2020-08-27 10:30:32,007 - nc_obj1:/OpenData/STdata_for_AI/Aviso_SSH/2019/dt_global_allsat_phy_l4_20190101_20190515.nc
2020-08-27 10:30:32,200 - SLA: sla:(1, 720, 1440), lon1:(1440,), lat1:(720,)
2020-08-27 10:30:32,250 - #invalid:432128
2020-08-27 10:30:32,255 - SLA: LON1:(720, 1440), LAT1:(720, 1440)
2020-08-27 10:30:32,260 - SLA: LON_F: (1036800,), LAT_F: (1036800,)
2020-08-27 10:30:32,277 - SLA: grid1: (1, 1036800, 2)
2020-08-27 10:30:32,278 - SLA: SLA_F: (1036800,)
2020-08-27 10:30:32,518 - Hycom: LON0:(1564, 4500), LAT0:(1564, 4500)
2020-08-27 10:30:57,579 - Interpolate: SLA_O: (1564, 4500)
2020-08-27 10:30:57,581 - SLA_F exist nan? False
2020-08-27 10:32:11,293 - Hycom: lon0:(4500,), lat0:(1564,)
2020-08-27 10:32:11,294 - dirpath:/OpenData/STdata_for_AI/Aviso_SSH/2019/
2020-08-27 10:32:11,294 - new_list:['2000', '2001', '2002', '2003', '2004', '2005', '2006', '2007', '2008', '2009', '2010', '2011', '2012', '2013', '2014', '2015', '2016', '2017', '2018', '2019']
2020-08-27 10:32:11,295 - ---------------Process original SLA daily------------------
2020-08-27 10:32:11,295 - ====== dt_global_allsat_phy_l4_20190101_20190515.nc ======
2020-08-27 10:32:11,295 - date:20190101
2020-08-27 10:32:11,306 - nc_obj1:/OpenData/STdata_for_AI/Aviso_SSH/2019/dt_global_allsat_phy_l4_20190101_20190515.nc
2020-08-27 10:32:11,392 - SLA: sla:(1, 720, 1440), lon1:(1440,), lat1:(720,)
2020-08-27 10:32:11,627 - #invalid:432128
2020-08-27 10:32:11,634 - SLA: LON1:(720, 1440), LAT1:(720, 1440)
2020-08-27 10:32:11,642 - SLA: LON_F: (1036800,), LAT_F: (1036800,)
2020-08-27 10:32:11,669 - SLA: grid1: (1, 1036800, 2)
2020-08-27 10:32:11,671 - SLA: SLA_F: (1036800,)
2020-08-27 10:32:11,874 - Hycom: LON0:(1564, 4500), LAT0:(1564, 4500)
2020-08-27 10:32:38,486 - Interpolate: SLA_O: (1564, 4500)
2020-08-27 10:32:38,490 - SLA_F exist nan? False
2020-08-27 10:32:38,498 - SLA_0 exist nan? True
2020-08-27 10:32:38,500 - SLA_O:
[[       nan        nan 0.08885796 ... 0.089096   0.08906401        nan]
 [       nan        nan 0.08751393 ... 0.08795195 0.08775198        nan]
 [       nan        nan 0.08709401 ... 0.08758797 0.08736409        nan]
 ...
 [       nan        nan 0.06431425 ... 0.06848395 0.06717267        nan]
 [       nan        nan 0.06317077 ... 0.06525188 0.06442026        nan]
 [       nan        nan 0.06157073 ... 0.06249991 0.0619562         nan]]
2020-08-27 10:35:25,883 - SSS sss:(584, 1388), lon1:(1388,), lat1:(584,)
2020-08-27 10:35:25,886 - sizet: 1388
2020-08-27 10:35:25,996 - sss1[np.isnan(sss1)]=[]
2020-08-27 10:35:27,025 - After interpolating: sss_o:(1564, 4500)
2020-08-27 10:35:27,029 - sss1 exist nan? False
2020-08-27 10:35:27,053 - sss_o exist nan? False
2020-08-27 10:35:27,055 - sss_o:
[[34.76318132 34.76318132 34.72605034 ... 35.08369525 35.07885775
  35.07482332]
 [34.57247835 34.57247835 34.53846064 ... 34.87623678 34.87673944
  34.88017653]
 [34.38175223 34.38175223 34.34950184 ... 34.66466183 34.65834048
  34.66130951]
 ...
 [34.49618304 34.49618304 34.4945667  ... 34.50135831 34.47364746
  34.46074357]
 [34.49617603 34.49617603 34.49456015 ... 34.5013583  34.47364307
  34.46073659]
 [34.49617285 34.49617285 34.49455717 ... 34.50135829 34.47364107
  34.46073342]]
2020-08-27 11:01:06,029 - SSS sss:(584, 1388), lon1:(1388,), lat1:(584,)
2020-08-27 11:01:06,031 - sizet: 1388
2020-08-27 11:01:06,147 - sss1[np.isnan(sss1)]=[]
2020-08-27 11:01:06,927 - After interpolating: sss_o:(1564, 4500)
2020-08-27 11:01:06,928 - sss1 exist nan? False
2020-08-27 11:01:06,950 - sss_o exist nan? False
2020-08-27 11:01:06,950 - sss_o:
[[34.76318132 34.76318132 34.72605034 ... 35.08369525 35.07885775
  35.07482332]
 [34.57247835 34.57247835 34.53846064 ... 34.87623678 34.87673944
  34.88017653]
 [34.38175223 34.38175223 34.34950184 ... 34.66466183 34.65834048
  34.66130951]
 ...
 [34.49618304 34.49618304 34.4945667  ... 34.50135831 34.47364746
  34.46074357]
 [34.49617603 34.49617603 34.49456015 ... 34.5013583  34.47364307
  34.46073659]
 [34.49617285 34.49617285 34.49455717 ... 34.50135829 34.47364107
  34.46073342]]
2020-08-27 11:02:34,728 - Hycom: lon0:(4500,), lat0:(1564,)
2020-08-27 11:02:34,729 - dirpath:/OpenData/STdata_for_AI/Aviso_SSH/2019/
2020-08-27 11:02:34,729 - new_list:['2000', '2001', '2002', '2003', '2004', '2005', '2006', '2007', '2008', '2009', '2010', '2011', '2012', '2013', '2014', '2015', '2016', '2017', '2018', '2019']
2020-08-27 11:02:34,729 - ---------------Process original SLA daily------------------
2020-08-27 11:02:34,729 - ====== dt_global_allsat_phy_l4_20190101_20190515.nc ======
2020-08-27 11:02:34,729 - date:20190101
2020-08-27 11:02:34,740 - nc_obj1:/OpenData/STdata_for_AI/Aviso_SSH/2019/dt_global_allsat_phy_l4_20190101_20190515.nc
2020-08-27 11:02:34,824 - SLA: sla:(1, 720, 1440), lon1:(1440,), lat1:(720,)
2020-08-27 11:02:34,881 - #invalid:432128
2020-08-27 11:02:35,635 - After interpolating: sla_o:(1564, 4500)
2020-08-27 11:02:35,636 - sla exist nan? False
2020-08-27 11:02:35,642 - sla_o exist nan? False
2020-08-27 11:02:35,643 - sla_o:
[[0.08833506 0.08833506 0.08829625 ... 0.08863873 0.08852284 0.0884963 ]
 [0.08717087 0.08717087 0.08713435 ... 0.08752395 0.08738015 0.08736129]
 [0.08667925 0.08667925 0.08664515 ... 0.08706522 0.08690101 0.08688278]
 ...
 [0.06386065 0.06386065 0.06396473 ... 0.06883718 0.06730971 0.0664834 ]
 [0.06083193 0.06083193 0.06109541 ... 0.06419008 0.06298314 0.06231593]
 [0.05926071 0.05926071 0.05964279 ... 0.06131059 0.06038475 0.05984935]]
2020-08-27 11:03:48,421 - Hycom: lon0:(4500,), lat0:(1564,)
2020-08-27 11:03:48,422 - dirpath:/OpenData/STdata_for_AI/Aviso_SSH/2019/
2020-08-27 11:03:48,422 - new_list:['2000', '2001', '2002', '2003', '2004', '2005', '2006', '2007', '2008', '2009', '2010', '2011', '2012', '2013', '2014', '2015', '2016', '2017', '2018', '2019']
2020-08-27 11:03:48,422 - ---------------Process original SLA daily------------------
2020-08-27 11:03:48,423 - ====== dt_global_allsat_phy_l4_20190101_20190515.nc ======
2020-08-27 11:03:48,423 - date:20190101
2020-08-27 11:03:48,430 - nc_obj1:/OpenData/STdata_for_AI/Aviso_SSH/2019/dt_global_allsat_phy_l4_20190101_20190515.nc
2020-08-27 11:03:48,494 - SLA: sla:(1, 720, 1440), lon1:(1440,), lat1:(720,)
2020-08-27 11:03:48,544 - #invalid:432128
2020-08-27 11:03:49,213 - After interpolating: sla_o:(1564, 4500)
2020-08-27 11:03:49,215 - sla exist nan? False
2020-08-27 11:03:49,221 - sla_o exist nan? False
2020-08-27 11:03:49,221 - sla_o:
[[0.08833506 0.08833506 0.08829625 ... 0.08863873 0.08852284 0.0884963 ]
 [0.08717087 0.08717087 0.08713435 ... 0.08752395 0.08738015 0.08736129]
 [0.08667925 0.08667925 0.08664515 ... 0.08706522 0.08690101 0.08688278]
 ...
 [0.06386065 0.06386065 0.06396473 ... 0.06883718 0.06730971 0.0664834 ]
 [0.06083193 0.06083193 0.06109541 ... 0.06419008 0.06298314 0.06231593]
 [0.05926071 0.05926071 0.05964279 ... 0.06131059 0.06038475 0.05984935]]
2020-08-27 11:04:09,190 - Hycom: lon0:(4500,), lat0:(1564,)
2020-08-27 11:04:09,201 - dirpath:/OpenData/STdata_for_AI/Aviso_SSH/2019/
2020-08-27 11:04:09,202 - new_list:['2000', '2001', '2002', '2003', '2004', '2005', '2006', '2007', '2008', '2009', '2010', '2011', '2012', '2013', '2014', '2015', '2016', '2017', '2018', '2019']
2020-08-27 11:04:09,202 - ---------------Process original SLA daily------------------
2020-08-27 11:04:09,202 - ====== dt_global_allsat_phy_l4_20190101_20190515.nc ======
2020-08-27 11:04:09,202 - date:20190101
2020-08-27 11:04:09,213 - nc_obj1:/OpenData/STdata_for_AI/Aviso_SSH/2019/dt_global_allsat_phy_l4_20190101_20190515.nc
2020-08-27 11:04:09,287 - SLA: sla:(1, 720, 1440), lon1:(1440,), lat1:(720,)
2020-08-27 11:04:09,332 - #invalid:432128
2020-08-27 11:04:10,009 - After interpolating: sla_o:(1564, 4500)
2020-08-27 11:04:10,011 - sla exist nan? False
2020-08-27 11:04:10,016 - sla_o exist nan? False
2020-08-27 11:04:10,017 - sla_o:
[[0.08833506 0.08833506 0.08829625 ... 0.08863873 0.08852284 0.0884963 ]
 [0.08717087 0.08717087 0.08713435 ... 0.08752395 0.08738015 0.08736129]
 [0.08667925 0.08667925 0.08664515 ... 0.08706522 0.08690101 0.08688278]
 ...
 [0.06386065 0.06386065 0.06396473 ... 0.06883718 0.06730971 0.0664834 ]
 [0.06083193 0.06083193 0.06109541 ... 0.06419008 0.06298314 0.06231593]
 [0.05926071 0.05926071 0.05964279 ... 0.06131059 0.06038475 0.05984935]]
2020-08-27 11:04:47,015 - Hycom: lon0:(4500,), lat0:(1564,)
2020-08-27 11:04:47,016 - dirpath:/OpenData/STdata_for_AI/Aviso_SSH/2019/
2020-08-27 11:04:47,016 - new_list:['2000', '2001', '2002', '2003', '2004', '2005', '2006', '2007', '2008', '2009', '2010', '2011', '2012', '2013', '2014', '2015', '2016', '2017', '2018', '2019']
2020-08-27 11:04:47,016 - ---------------Process original SLA daily------------------
2020-08-27 11:04:47,016 - ====== dt_global_allsat_phy_l4_20190101_20190515.nc ======
2020-08-27 11:04:47,017 - date:20190101
2020-08-27 11:04:47,024 - nc_obj1:/OpenData/STdata_for_AI/Aviso_SSH/2019/dt_global_allsat_phy_l4_20190101_20190515.nc
2020-08-27 11:04:47,091 - SLA: sla:(1, 720, 1440), lon1:(1440,), lat1:(720,)
2020-08-27 11:04:47,143 - #invalid:432128
2020-08-27 11:04:47,883 - After interpolating: sla_o:(1564, 4500)
2020-08-27 11:04:47,884 - sla exist nan? False
2020-08-27 11:04:47,891 - sla_o exist nan? False
2020-08-27 11:04:47,892 - sla_o:
[[0.08833506 0.08833506 0.08829625 ... 0.08863873 0.08852284 0.0884963 ]
 [0.08717087 0.08717087 0.08713435 ... 0.08752395 0.08738015 0.08736129]
 [0.08667925 0.08667925 0.08664515 ... 0.08706522 0.08690101 0.08688278]
 ...
 [0.06386065 0.06386065 0.06396473 ... 0.06883718 0.06730971 0.0664834 ]
 [0.06083193 0.06083193 0.06109541 ... 0.06419008 0.06298314 0.06231593]
 [0.05926071 0.05926071 0.05964279 ... 0.06131059 0.06038475 0.05984935]]
